2025-04-11 13:11:56,501 - INFO - Blog post retrieved.
2025-04-11 13:11:56,501 - ERROR - Failed to fetch blog post.
2025-04-11 13:11:56,518 - INFO - User logged in successfully.
2025-04-11 13:11:56,518 - WARNING - Invalid login attempt.
2025-04-11 13:12:44,703 - INFO - Blog post retrieved.
2025-04-11 13:12:44,703 - ERROR - Failed to fetch blog post.
2025-04-11 13:12:44,703 - INFO - User logged in successfully.
2025-04-11 13:12:44,703 - WARNING - Invalid login attempt.
2025-04-11 13:13:45,646 - WARNING - (trapped) error reading bcrypt version
Traceback (most recent call last):
  File "C:\Users\rohit.k.singh2\Desktop\Blog_api_pro\venv\Lib\site-packages\passlib\handlers\bcrypt.py", line 620, in _load_backend_mixin
    version = _bcrypt.__about__.__version__
              ^^^^^^^^^^^^^^^^^
AttributeError: module 'bcrypt' has no attribute '__about__'
2025-04-11 13:24:18,456 - INFO - Blog post retrieved.
2025-04-11 13:24:18,462 - ERROR - Failed to fetch blog post.
2025-04-11 13:24:18,463 - INFO - User logged in successfully.
2025-04-11 13:24:18,463 - WARNING - Invalid login attempt.
2025-04-11 13:37:10,019 - INFO - Blog post retrieved.
2025-04-11 13:37:10,019 - ERROR - Failed to fetch blog post.
2025-04-11 13:37:10,035 - INFO - User logged in successfully.
2025-04-11 13:37:10,035 - WARNING - Invalid login attempt.
2025-04-11 13:45:39,981 - INFO - Blog post retrieved.
2025-04-11 13:45:39,981 - ERROR - Failed to fetch blog post.
2025-04-11 13:48:18,330 - INFO - User logged in successfully: testuser
2025-04-11 14:22:29,273 - INFO - User logged in successfully: testuser
2025-04-11 14:36:16,545 - INFO - Blog post retrieved.
2025-04-11 14:36:16,545 - ERROR - Failed to fetch blog post.
2025-04-11 15:17:55,937 - INFO - Blog post retrieved.
2025-04-11 15:17:55,937 - ERROR - Failed to fetch blog post.
2025-04-11 15:18:24,648 - INFO - User logged in successfully: testuser
2025-04-11 19:10:53,959 - INFO - Blog post retrieved.
2025-04-11 19:10:53,961 - ERROR - Failed to fetch blog post.
2025-04-14 17:03:05,937 - INFO - Blog post retrieved.
2025-04-14 17:03:05,937 - ERROR - Failed to fetch blog post.
2025-04-14 17:12:28,147 - INFO - Blog post retrieved.
2025-04-14 17:12:28,148 - ERROR - Failed to fetch blog post.
2025-04-14 17:13:02,961 - INFO - User logged in successfully: testuser
2025-04-14 17:17:31,527 - INFO - Blog post retrieved.
2025-04-14 17:17:31,527 - ERROR - Failed to fetch blog post.
2025-04-14 17:17:34,134 - INFO - Blog post retrieved.
2025-04-14 17:17:34,134 - ERROR - Failed to fetch blog post.
2025-04-14 17:22:24,080 - INFO - Blog post retrieved.
2025-04-14 17:22:24,080 - ERROR - Failed to fetch blog post.
2025-04-14 17:27:43,916 - INFO - Blog post retrieved.
2025-04-14 17:27:43,916 - ERROR - Failed to fetch blog post.
2025-04-14 17:28:38,041 - INFO - Blog post retrieved.
2025-04-14 17:28:38,041 - ERROR - Failed to fetch blog post.
2025-04-14 17:33:35,163 - INFO - User logged in successfully: testuser
2025-04-14 18:24:44,878 - INFO - Blog post retrieved.
2025-04-14 18:24:44,879 - ERROR - Failed to fetch blog post.
2025-04-14 18:25:10,359 - INFO - User logged in successfully: testuser
2025-04-15 11:05:03,538 - INFO - Blog post retrieved.
2025-04-15 11:05:03,538 - ERROR - Failed to fetch blog post.
2025-04-15 11:06:06,280 - INFO - User logged in successfully: testuser
2025-04-15 12:07:23,491 - INFO - Blog post retrieved.
2025-04-15 12:07:23,491 - ERROR - Failed to fetch blog post.
2025-04-15 12:08:02,912 - INFO - User logged in successfully: testuser
2025-04-15 14:29:02,354 - INFO - Blog post routes registered successfully.
2025-04-15 14:29:08,900 - INFO - User logged in successfully: testuser
2025-04-15 14:36:40,652 - INFO - Blog post routes registered successfully.
2025-04-15 14:46:15,386 - INFO - Blog post routes registered successfully.
2025-04-15 14:46:27,217 - INFO - User logged in successfully: testuser
2025-04-15 14:56:28,198 - INFO - Blog post routes registered successfully.
2025-04-15 15:00:40,513 - INFO - Blog post routes registered successfully.
2025-04-15 15:01:27,465 - INFO - Blog post routes registered successfully.
2025-04-15 15:01:52,592 - INFO - Blog post routes registered successfully.
2025-04-15 15:05:06,466 - INFO - Blog post routes registered successfully.
2025-04-15 15:11:53,248 - INFO - User logged in successfully: testuser
2025-04-15 15:17:07,062 - INFO - Blog post routes registered successfully.
2025-04-15 15:17:23,598 - INFO - Blog post routes registered successfully.
2025-04-15 15:17:35,245 - INFO - User logged in successfully: testuser
2025-04-15 15:20:43,032 - INFO - Blog post routes registered successfully.
2025-04-15 15:22:37,133 - INFO - Blog post routes registered successfully.
2025-04-15 15:22:45,915 - INFO - User logged in successfully: testuser
2025-04-15 15:29:11,603 - INFO - Blog post routes registered successfully.
2025-04-15 15:29:22,181 - INFO - User logged in successfully: testuser
2025-04-15 15:52:34,076 - INFO - Blog post routes registered successfully.
2025-04-15 15:55:41,111 - INFO - Blog post routes registered successfully.
2025-04-15 16:53:57,894 - INFO - User logged in successfully: testuser
2025-04-16 14:23:09,691 - INFO - Blog post routes registered successfully.
2025-04-16 14:25:20,649 - INFO - User logged in successfully: testuser
2025-04-16 14:26:04,395 - INFO - User logged in successfully: testuser
2025-04-17 12:11:30,059 - INFO - Blog post routes registered successfully.
2025-04-17 12:15:55,512 - INFO - Blog post routes registered successfully.
2025-04-17 12:16:34,316 - INFO - User logged in successfully: testuser
2025-04-22 16:34:57,762 - INFO - Blog post routes registered successfully.
2025-04-24 15:24:30,192 - INFO - Blog post routes registered successfully.
2025-04-28 16:31:45,872 - INFO - Blog post routes registered successfully.
